<?xml version="1.0" encoding="UTF-8"?>
<!-- Generated by org.testng.reporters.JUnitXMLReporter -->
<testsuite hostname="LAPTOP-4HRP1GOF" ignored="0" name="Default test" tests="5" failures="0" timestamp="18 Aug 2020 13:19:37 GMT" time="10.247" errors="0">
  <testcase name="getLoginTest" time="0.438" classname="com.excel.DataProviderwithExcel"/>
  <testcase name="getLoginTest" time="0.416" classname="com.excel.DataProviderwithExcel"/>
  <testcase name="getLoginTest" time="0.389" classname="com.excel.DataProviderwithExcel"/>
  <testcase name="getLoginTest" time="0.474" classname="com.excel.DataProviderwithExcel"/>
  <testcase name="getLoginTest" time="0.465" classname="com.excel.DataProviderwithExcel"/>
</testsuite> <!-- Default test -->
